Determining if the pthread_create exist failed with the following output:
Change Dir: /home/erick/erick_wsp/build/CMakeFiles/CMakeTmp

Run Build Command:"/usr/bin/make" "cmTC_b3a1a/fast"
/usr/bin/make -f CMakeFiles/cmTC_b3a1a.dir/build.make CMakeFiles/cmTC_b3a1a.dir/build
make[1]: se entra en el directorio '/home/erick/erick_wsp/build/CMakeFiles/CMakeTmp'
Building C object CMakeFiles/cmTC_b3a1a.dir/CheckSymbolExists.c.o
/usr/bin/cc    -o CMakeFiles/cmTC_b3a1a.dir/CheckSymbolExists.c.o   -c /home/erick/erick_wsp/build/CMakeFiles/CMakeTmp/CheckSymbolExists.c
Linking C executable cmTC_b3a1a
/usr/bin/cmake -E cmake_link_script CMakeFiles/cmTC_b3a1a.dir/link.txt --verbose=1
/usr/bin/cc      -rdynamic CMakeFiles/cmTC_b3a1a.dir/CheckSymbolExists.c.o  -o cmTC_b3a1a 
CMakeFiles/cmTC_b3a1a.dir/CheckSymbolExists.c.o: En la función `main':
CheckSymbolExists.c:(.text+0x1b): referencia a `pthread_create' sin definir
collect2: error: ld returned 1 exit status
CMakeFiles/cmTC_b3a1a.dir/build.make:97: fallo en las instrucciones para el objetivo 'cmTC_b3a1a'
make[1]: *** [cmTC_b3a1a] Error 1
make[1]: se sale del directorio '/home/erick/erick_wsp/build/CMakeFiles/CMakeTmp'
Makefile:126: fallo en las instrucciones para el objetivo 'cmTC_b3a1a/fast'
make: *** [cmTC_b3a1a/fast] Error 2

File /home/erick/erick_wsp/build/CMakeFiles/CMakeTmp/CheckSymbolExists.c:
/* */
#include <pthread.h>

int main(int argc, char** argv)
{
  (void)argv;
#ifndef pthread_create
  return ((int*)(&pthread_create))[argc];
#else
  (void)argc;
  return 0;
#endif
}

Determining if the function pthread_create exists in the pthreads failed with the following output:
Change Dir: /home/erick/erick_wsp/build/CMakeFiles/CMakeTmp

Run Build Command:"/usr/bin/make" "cmTC_c49f3/fast"
/usr/bin/make -f CMakeFiles/cmTC_c49f3.dir/build.make CMakeFiles/cmTC_c49f3.dir/build
make[1]: se entra en el directorio '/home/erick/erick_wsp/build/CMakeFiles/CMakeTmp'
Building C object CMakeFiles/cmTC_c49f3.dir/CheckFunctionExists.c.o
/usr/bin/cc   -DCHECK_FUNCTION_EXISTS=pthread_create   -o CMakeFiles/cmTC_c49f3.dir/CheckFunctionExists.c.o   -c /usr/share/cmake-3.10/Modules/CheckFunctionExists.c
Linking C executable cmTC_c49f3
/usr/bin/cmake -E cmake_link_script CMakeFiles/cmTC_c49f3.dir/link.txt --verbose=1
/usr/bin/cc  -DCHECK_FUNCTION_EXISTS=pthread_create    -rdynamic CMakeFiles/cmTC_c49f3.dir/CheckFunctionExists.c.o  -o cmTC_c49f3 -lpthreads 
/usr/bin/ld: no se puede encontrar -lpthreads
collect2: error: ld returned 1 exit status
CMakeFiles/cmTC_c49f3.dir/build.make:97: fallo en las instrucciones para el objetivo 'cmTC_c49f3'
make[1]: *** [cmTC_c49f3] Error 1
make[1]: se sale del directorio '/home/erick/erick_wsp/build/CMakeFiles/CMakeTmp'
Makefile:126: fallo en las instrucciones para el objetivo 'cmTC_c49f3/fast'
make: *** [cmTC_c49f3/fast] Error 2


